<?xml version="1.0" encoding="utf-8"?><testsuites name="pytest tests"><testsuite name="pytest" errors="0" failures="0" skipped="0" tests="2" time="4.504" timestamp="2026-08-01T14:25:35.961182+08:00" hostname="LAPTOP-MK2JI49C"><testcase classname="tests.test_dsl_v3_official_direct_model" name="test_v3_two_layer_direct_model_matches_all_official_stochastic_paths[train]" time="3.768" /><testcase classname="tests.test_dsl_v3_official_direct_model" name="test_v3_two_layer_direct_model_matches_all_official_stochastic_paths[eval]" time="0.342" /></testsuite></testsuites>