<?xml version="1.0" encoding="utf-8"?><testsuites name="pytest tests"><testsuite name="pytest" errors="0" failures="0" skipped="0" tests="2" time="3.320" timestamp="2026-08-01T13:23:04.773217+08:00" hostname="LAPTOP-MK2JI49C"><testcase classname="tests.test_dsl_v3_official_backbone" name="test_v3_backbone_rejects_an_empty_shared_frame_cache_id" time="0.009" /><testcase classname="tests.test_dsl_v3_official_backbone" name="test_v3_two_layer_backbone_matches_official_parameters_forward_and_gradients" time="2.940" /></testsuite></testsuites>