<?xml version="1.0" encoding="utf-8"?><testsuites name="pytest tests"><testsuite name="pytest" errors="0" failures="0" skipped="0" tests="5" time="3.282" timestamp="2026-08-01T14:10:16.950220+08:00" hostname="LAPTOP-MK2JI49C"><testcase classname="tests.test_dsl_v3_official_energy_head" name="test_v3_energy_head_matches_official_initialization_forward_and_gradients" time="2.732" /><testcase classname="tests.test_dsl_invariant_unit_axis" name="test_squeeze_unit_axis_has_typed_carrier_scalar_runtime_shape" time="0.003" /><testcase classname="tests.test_dsl_invariant_unit_axis" name="test_squeeze_unit_axis_rejects_a_non_invariant_representation" time="0.002" /><testcase classname="tests.test_dsl_invariant_unit_axis" name="test_squeeze_unit_axis_rejects_a_nonunit_or_misnamed_axis" time="0.003" /><testcase classname="tests.test_dsl_invariant_unit_axis" name="test_squeeze_unit_axis_rejects_runtime_shape_that_breaks_the_type_contract" time="0.002" /></testsuite></testsuites>