<?xml version="1.0" encoding="utf-8"?><testsuites name="pytest tests"><testsuite name="pytest" errors="0" failures="0" skipped="0" tests="3" time="3.971" timestamp="2026-08-01T14:43:09.266789+08:00" hostname="LAPTOP-MK2JI49C"><testcase classname="tests.test_dsl_v3_official_checkpoint" name="test_v3_direct_checkpoint_manifest_covers_every_official_and_lowered_state_tensor" time="1.895" /><testcase classname="tests.test_dsl_v3_official_checkpoint" name="test_v3_official_checkpoint_load_export_round_trip_and_train_eval_behavior" time="1.455" /><testcase classname="tests.test_dsl_v3_official_checkpoint" name="test_v3_checkpoint_mapping_rejects_incomplete_corrupt_or_wrong_architecture_state" time="0.202" /></testsuite></testsuites>