<?xml version="1.0" encoding="utf-8"?><testsuites name="pytest tests"><testsuite name="pytest" errors="0" failures="0" skipped="0" tests="4" time="3.582" timestamp="2026-08-01T13:23:04.777218+08:00" hostname="LAPTOP-MK2JI49C"><testcase classname="tests.test_dsl_v3_official_ffn" name="test_v3_official_ffn_is_fully_lowered_and_canonicalization_preserves_parameters" time="1.033" /><testcase classname="tests.test_dsl_v3_official_ffn" name="test_v3_official_ffn_matches_initialization_forward_and_all_gradients" time="1.869" /><testcase classname="tests.test_dsl_v3_official_attention" name="test_v3_official_transblock_matches_initialization_forward_and_all_gradients" time="0.208" /><testcase classname="tests.test_dsl_v3_official_attention" name="test_v3_official_direct_force_head_matches_parameters_forward_and_all_gradients" time="0.049" /></testsuite></testsuites>