<?xml version="1.0" encoding="utf-8"?><testsuites name="pytest tests"><testsuite name="pytest" errors="0" failures="0" skipped="0" tests="4" time="3.549" timestamp="2026-08-01T12:51:23.402320+08:00" hostname="LAPTOP-MK2JI49C"><testcase classname="tests.test_dsl_v3_official_ffn" name="test_v3_official_ffn_is_fully_lowered_and_canonicalization_preserves_parameters" time="0.729" /><testcase classname="tests.test_dsl_v3_official_ffn" name="test_v3_official_ffn_matches_initialization_forward_and_all_gradients" time="1.745" /><testcase classname="tests.test_dsl_v3_official_attention" name="test_v3_official_transblock_matches_initialization_forward_and_all_gradients" time="0.264" /><testcase classname="tests.test_dsl_v3_official_attention" name="test_v3_official_direct_force_head_matches_parameters_forward_and_all_gradients" time="0.290" /></testsuite></testsuites>